2023-06-10 12:20:06,732 INFO o.a.j.u.JMeterUtils: Setting Locale to en_EN
2023-06-10 12:20:06,770 INFO o.a.j.JMeter: Loading user properties from: /usr/local/Cellar/jmeter/5.5/libexec/bin/user.properties
2023-06-10 12:20:06,771 INFO o.a.j.JMeter: Loading system properties from: /usr/local/Cellar/jmeter/5.5/libexec/bin/system.properties
2023-06-10 12:20:06,778 INFO o.a.j.JMeter: Copyright (c) 1998-2022 The Apache Software Foundation
2023-06-10 12:20:06,778 INFO o.a.j.JMeter: Version 5.5
2023-06-10 12:20:06,778 INFO o.a.j.JMeter: java.version=17.0.7
2023-06-10 12:20:06,778 INFO o.a.j.JMeter: java.vm.name=OpenJDK 64-Bit Server VM
2023-06-10 12:20:06,778 INFO o.a.j.JMeter: os.name=Mac OS X
2023-06-10 12:20:06,778 INFO o.a.j.JMeter: os.arch=x86_64
2023-06-10 12:20:06,779 INFO o.a.j.JMeter: os.version=13.2.1
2023-06-10 12:20:06,779 INFO o.a.j.JMeter: file.encoding=UTF-8
2023-06-10 12:20:06,779 INFO o.a.j.JMeter: java.awt.headless=null
2023-06-10 12:20:06,779 INFO o.a.j.JMeter: Max memory     =1073741824
2023-06-10 12:20:06,779 INFO o.a.j.JMeter: Available Processors =4
2023-06-10 12:20:06,788 INFO o.a.j.JMeter: Default Locale=English (EN)
2023-06-10 12:20:06,788 INFO o.a.j.JMeter: JMeter  Locale=English (EN)
2023-06-10 12:20:06,788 INFO o.a.j.JMeter: JMeterHome=/usr/local/Cellar/jmeter/5.5/libexec
2023-06-10 12:20:06,788 INFO o.a.j.JMeter: user.dir  =/Users/qilong/Desktop/assignment_demo_2023-main
2023-06-10 12:20:06,788 INFO o.a.j.JMeter: PWD       =/Users/qilong/Desktop/assignment_demo_2023-main
2023-06-10 12:20:06,790 INFO o.a.j.JMeter: IP: 127.0.0.1 Name: Qis-MacBook-Pro.local FullName: localhost
2023-06-10 12:20:06,797 INFO o.a.j.JMeter: Loaded icon properties from org/apache/jmeter/images/icon.properties
2023-06-10 12:20:08,110 INFO o.a.j.JMeterGuiLauncher: Setting LAF to: com.github.weisj.darklaf.DarkLaf:com.github.weisj.darklaf.theme.DarculaTheme
2023-06-10 12:20:12,359 INFO o.j.r.JARSourceHTTP: Requesting https://jmeter-plugins.org/repo/?installID=mac_os_x-ac41a1a482d6d7c0ec2c8cd7b678907d-gui
2023-06-10 12:20:15,338 INFO o.j.r.PluginManager: Plugins Status: [jpgc-plugins-manager=1.7, jmeter-core=5.5, jmeter-ftp=5.5, jmeter-http=5.5, jmeter-jdbc=5.5, jmeter-jms=5.5, jmeter-junit=5.5, jmeter-java=5.5, jmeter-ldap=5.5, jmeter-mail=5.5, jmeter-mongodb=5.5, jmeter-native=5.5, jmeter-tcp=5.5, jmeter-components=5.5]
2023-06-10 12:20:15,339 INFO o.j.r.PluginManagerMenuItem: Plugins Manager has upgrades: [jpgc-plugins-manager]
